<?xml version="1.0" encoding="UTF-8"?>
<!-- Generated by org.testng.reporters.JUnitReportReporter -->
<testsuite hostname="Lenovo-PC" name="com.application.scripts.TC15" tests="1" failures="0" timestamp="19 Jan 2020 14:20:34 GMT" time="23.675" errors="0">
  <testcase name="testTC15" time="23.675" classname="com.application.scripts.TC15"/>
</testsuite> <!-- com.application.scripts.TC15 -->
