<?xml version="1.0" encoding="UTF-8"?>
<!-- Generated by org.testng.reporters.JUnitReportReporter -->
<testsuite hostname="DESKTOP-84OUAB0" name="com.application.scripts.TC16" tests="1" failures="0" timestamp="30 Apr 2020 02:48:44 GMT" time="37.736" errors="0">
  <testcase name="testSearchProduct" time="37.736" classname="com.application.scripts.TC16"/>
</testsuite> <!-- com.application.scripts.TC16 -->
