<?xml version="1.0" encoding="UTF-8"?>
<!-- Generated by org.testng.reporters.JUnitReportReporter -->
<testsuite hostname="Lenovo-PC" name="com.sikuli.scripts.SikuliDemo" tests="1" failures="0" timestamp="2 Jun 2019 16:53:00 GMT" time="14.797" errors="0">
  <testcase name="Sikuli_Methods" time="14.797" classname="com.sikuli.scripts.SikuliDemo"/>
</testsuite> <!-- com.sikuli.scripts.SikuliDemo -->
