<?xml version="1.0" encoding="UTF-8"?>
<!-- Generated by org.testng.reporters.JUnitReportReporter -->
<testsuite hostname="Lenovo-PC" name="com.application.scripts.VerifySearch" tests="1" failures="0" timestamp="17 Apr 2018 03:40:57 GMT" time="26.501" errors="0">
  <testcase name="verifySearchFunctionality" time="26.501" classname="com.application.scripts.VerifySearch"/>
</testsuite> <!-- com.application.scripts.VerifySearch -->
