<?xml version="1.0" encoding="UTF-8"?>
<!-- Generated by org.testng.reporters.JUnitReportReporter -->
<testsuite hostname="Lenovo-PC" name="com.application.scripts.TC14" tests="1" failures="0" timestamp="31 Aug 2019 03:29:53 GMT" time="36.512" errors="0">
  <testcase name="testTC14" time="36.512" classname="com.application.scripts.TC14"/>
</testsuite> <!-- com.application.scripts.TC14 -->
