<?xml version="1.0" encoding="UTF-8"?>
<!-- Generated by org.testng.reporters.JUnitReportReporter -->
<testsuite hostname="DESKTOP-84OUAB0" name="com.flipkart.application.scripts.AccessSite" tests="1" failures="0" timestamp="21 May 2020 02:42:33 GMT" time="15.212" errors="0">
  <testcase name="testverifyAccessSite" time="15.212" classname="com.flipkart.application.scripts.AccessSite"/>
</testsuite> <!-- com.flipkart.application.scripts.AccessSite -->
