<?xml version="1.0" encoding="UTF-8"?>
<!-- Generated by org.testng.reporters.JUnitReportReporter -->
<testsuite hostname="Lenovo-PC" name="com.application.scripts.TC05" tests="1" failures="0" timestamp="25 Jul 2017 03:29:49 GMT" time="58.974" errors="0">
  <testcase name="testTC05" time="58.974" classname="com.application.scripts.TC05"/>
</testsuite> <!-- com.application.scripts.TC05 -->
