<?xml version="1.0" encoding="UTF-8"?>
<!-- Generated by org.testng.reporters.JUnitReportReporter -->
<testsuite hostname="Lenovo-PC" name="com.application.scripts.TC04" tests="1" failures="0" timestamp="22 Jul 2017 04:01:36 GMT" time="86.240" errors="0">
  <testcase name="testTC04" time="86.240" classname="com.application.scripts.TC04"/>
</testsuite> <!-- com.application.scripts.TC04 -->
