<?xml version="1.0" encoding="UTF-8"?>
<!-- Generated by org.testng.reporters.JUnitReportReporter -->
<testsuite hostname="Lenovo-PC" name="com.application.scripts.TC13" tests="1" failures="0" timestamp="3 Feb 2019 17:45:04 GMT" time="32.228" errors="0">
  <testcase name="testAddToCart" time="32.228" classname="com.application.scripts.TC13"/>
</testsuite> <!-- com.application.scripts.TC13 -->
