<?xml version="1.0" encoding="UTF-8"?>
<!-- Generated by org.testng.reporters.JUnitReportReporter -->
<testsuite hostname="Lenovo-PC" name="com.application.scripts.TC02" tests="1" failures="0" timestamp="19 Jan 2020 13:57:31 GMT" time="25.477" errors="0">
  <testcase name="testTC02" time="25.477" classname="com.application.scripts.TC02"/>
</testsuite> <!-- com.application.scripts.TC02 -->
