<?xml version="1.0" encoding="UTF-8"?>
<!-- Generated by org.testng.reporters.JUnitReportReporter -->
<testsuite hostname="DESKTOP-84OUAB0" name="com.flipkart.application.scripts.TC002" tests="1" failures="0" timestamp="27 May 2020 02:38:56 GMT" time="18.837" errors="0">
  <testcase name="testverifyAccessSite" time="18.837" classname="com.flipkart.application.scripts.TC002"/>
</testsuite> <!-- com.flipkart.application.scripts.TC002 -->
