<?xml version="1.0" encoding="UTF-8"?>
<!-- Generated by org.testng.reporters.JUnitReportReporter -->
<testsuite hostname="Lenovo-PC" name="com.application.scripts.TC11" tests="1" failures="0" timestamp="16 Nov 2018 03:11:56 GMT" time="39.168" errors="0">
  <testcase name="testTC11" time="39.168" classname="com.application.scripts.TC11"/>
</testsuite> <!-- com.application.scripts.TC11 -->
