<?xml version="1.0" encoding="UTF-8"?>
<!-- Generated by org.testng.reporters.JUnitReportReporter -->
<testsuite hostname="Lenovo-PC" name="com.application.scripts.TC09" tests="1" failures="0" timestamp="17 Oct 2018 02:51:39 GMT" time="20.334" errors="0">
  <testcase name="testSearchProduct" time="20.334" classname="com.application.scripts.TC09"/>
</testsuite> <!-- com.application.scripts.TC09 -->
