<?xml version="1.0" encoding="UTF-8"?>
<!-- Generated by org.testng.reporters.JUnitReportReporter -->
<testsuite hostname="DESKTOP-VBAQ6KP" failures="0" tests="1" name="com.application.scripts.TC01" time="28.354" errors="0" timestamp="27 Feb 2021 09:14:01 GMT">
  <testcase classname="com.application.scripts.TC01" name="testTC01" time="28.354"/>
</testsuite> <!-- com.application.scripts.TC01 -->
